I:\STEREOCAMERA\STEREOCAMERA2\COLORDETECTION\DEBUG\COLORDETECTION.OBJ
I:\STEREOCAMERA\STEREOCAMERA2\COLORDETECTION\DEBUG\MAIN.OBJ
I:\STEREOCAMERA\STEREOCAMERA2\COLORDETECTION\DEBUG\VC110.PDB
I:\STEREOCAMERA\STEREOCAMERA2\DEBUG\COLORDETECTION.ILK
I:\STEREOCAMERA\STEREOCAMERA2\DEBUG\COLORDETECTION.EXE
I:\STEREOCAMERA\STEREOCAMERA2\DEBUG\COLORDETECTION.PDB
I:\StereoCamera\StereoCamera2\colorDetection\Debug\main.obj
I:\StereoCamera\StereoCamera2\colorDetection\Debug\cl.command.1.tlog
I:\StereoCamera\StereoCamera2\colorDetection\Debug\CL.read.1.tlog
I:\StereoCamera\StereoCamera2\colorDetection\Debug\CL.write.1.tlog
I:\StereoCamera\StereoCamera2\colorDetection\Debug\link-cvtres.read.1.tlog
I:\StereoCamera\StereoCamera2\colorDetection\Debug\link-cvtres.write.1.tlog
I:\StereoCamera\StereoCamera2\colorDetection\Debug\link-rc.read.1.tlog
I:\StereoCamera\StereoCamera2\colorDetection\Debug\link-rc.write.1.tlog
I:\StereoCamera\StereoCamera2\colorDetection\Debug\link.5312-cvtres.read.1.tlog
I:\StereoCamera\StereoCamera2\colorDetection\Debug\link.5312-cvtres.write.1.tlog
I:\StereoCamera\StereoCamera2\colorDetection\Debug\link.5312-rc.read.1.tlog
I:\StereoCamera\StereoCamera2\colorDetection\Debug\link.5312-rc.write.1.tlog
I:\StereoCamera\StereoCamera2\colorDetection\Debug\link.5312.read.1.tlog
I:\StereoCamera\StereoCamera2\colorDetection\Debug\link.5312.write.1.tlog
I:\StereoCamera\StereoCamera2\colorDetection\Debug\link.command.1.tlog
I:\StereoCamera\StereoCamera2\colorDetection\Debug\link.read.1.tlog
I:\StereoCamera\StereoCamera2\colorDetection\Debug\link.write.1.tlog
I:\StereoCamera\StereoCamera2\colorDetection\Debug\vc110.idb
I:\StereoCamera\StereoCamera2\colorDetection\Debug\vc110.pdb
I:\StereoCamera\StereoCamera2\Debug\colorDetection.pdb
I:\StereoCamera\StereoCamera2\Debug\colorDetection.exe
I:\StereoCamera\StereoCamera2\Debug\colorDetection.ilk
